mkdir: cannot create directory `/nfs_scratch/laura/ztt_shifts': File exists
/hdfs/store/user/laura/WW-SUB-MC/SUB-MC-06DCE7A0-F93C-E411-9DEA-002590D0B0CC.root
/hdfs/store/user/laura/WW-SUB-MC/SUB-MC-285B065B-F83C-E411-8D53-0025907B4ECA.root
/hdfs/store/user/laura/WW-SUB-MC/SUB-MC-2C3AA376-F83C-E411-A3FB-BCAEC53F6D4E.root
Finished copying /hdfs/store/user/laura/WW-SUB-MC/SUB-MC-285B065B-F83C-E411-8D53-0025907B4ECA.root in 0.1 seconds.
/hdfs/store/user/laura/WW-SUB-MC/SUB-MC-34BC6B92-F83C-E411-B41A-00259074AE8A.root
Finished copying /hdfs/store/user/laura/WW-SUB-MC/SUB-MC-06DCE7A0-F93C-E411-9DEA-002590D0B0CC.root in 0.2 seconds.
Finished copying /hdfs/store/user/laura/WW-SUB-MC/SUB-MC-2C3AA376-F83C-E411-A3FB-BCAEC53F6D4E.root in 0.2 seconds.
/hdfs/store/user/laura/WW-SUB-MC/SUB-MC-441F9D43-F83C-E411-A75C-0025907B4E18.root
/hdfs/store/user/laura/WW-SUB-MC/SUB-MC-6034FA75-F63C-E411-BF9E-002590D0B0CC.root
Finished copying /hdfs/store/user/laura/WW-SUB-MC/SUB-MC-6034FA75-F63C-E411-BF9E-002590D0B0CC.root in 0.1 seconds.
Finished copying /hdfs/store/user/laura/WW-SUB-MC/SUB-MC-34BC6B92-F83C-E411-B41A-00259074AE8A.root in 0.2 seconds.
Finished copying /hdfs/store/user/laura/WW-SUB-MC/SUB-MC-441F9D43-F83C-E411-A75C-0025907B4E18.root in 0.1 seconds.
/hdfs/store/user/laura/WW-SUB-MC/SUB-MC-6C11DD75-F83C-E411-9A20-485B3989720C.root
/hdfs/store/user/laura/WW-SUB-MC/SUB-MC-7264C812-F93C-E411-AC74-002590D0AFD4.root
/hdfs/store/user/laura/WW-SUB-MC/SUB-MC-9486BC2A-F93C-E411-AA61-20CF305B058C.root
Finished copying /hdfs/store/user/laura/WW-SUB-MC/SUB-MC-6C11DD75-F83C-E411-9A20-485B3989720C.root in 0.1 seconds.
Finished copying /hdfs/store/user/laura/WW-SUB-MC/SUB-MC-7264C812-F93C-E411-AC74-002590D0AFD4.root in 0.1 seconds.
Finished copying /hdfs/store/user/laura/WW-SUB-MC/SUB-MC-9486BC2A-F93C-E411-AA61-20CF305B058C.root in 0.1 seconds.
/hdfs/store/user/laura/WW-SUB-MC/SUB-MC-981C84AB-F83C-E411-8CB5-525400CE57D5.root
/hdfs/store/user/laura/WW-SUB-MC/SUB-MC-AA8A2779-F83C-E411-AF24-00259073E4EA.root
/hdfs/store/user/laura/WW-SUB-MC/SUB-MC-CCFB75A5-F93C-E411-BFDC-0025907B4E18.root
Finished copying /hdfs/store/user/laura/WW-SUB-MC/SUB-MC-981C84AB-F83C-E411-8CB5-525400CE57D5.root in 0.1 seconds.
Finished copying /hdfs/store/user/laura/WW-SUB-MC/SUB-MC-AA8A2779-F83C-E411-AF24-00259073E4EA.root in 0.1 seconds.
Finished copying /hdfs/store/user/laura/WW-SUB-MC/SUB-MC-CCFB75A5-F93C-E411-BFDC-0025907B4E18.root in 0.1 seconds.
/hdfs/store/user/laura/WW-SUB-MC/SUB-MC-D88D8EC2-F83C-E411-848E-E0CB4E19F969.root
/hdfs/store/user/laura/WW-SUB-MC/SUB-MC-E833FC89-F93C-E411-9CAB-002590D0B056.root
Finished copying /hdfs/store/user/laura/WW-SUB-MC/SUB-MC-D88D8EC2-F83C-E411-848E-E0CB4E19F969.root in 0.1 seconds.
Finished copying /hdfs/store/user/laura/WW-SUB-MC/SUB-MC-E833FC89-F93C-E411-9CAB-002590D0B056.root in 0.2 seconds.


Merging 14 files in /scratch/laura/WW into merge file WW.root

Processing /afs/hep.wisc.edu/cms/sw/farmout/mergeFiles.C("WW.root","/scratch/laura/WW")...
Merging root file: /scratch/laura/WW/SUB-MC-441F9D43-F83C-E411-A75C-0025907B4E18.root
Initializing merge objects from /scratch/laura/WW/SUB-MC-441F9D43-F83C-E411-A75C-0025907B4E18.root
Found subdirectory muTauEventTree
Found subdirectory muTauEventTreeFinal
Found subdirectory eleTauEventTree
Found subdirectory eleTauEventTreeFinal
Found subdirectory MT
Found subdirectory ET
Merging root file: /scratch/laura/WW/SUB-MC-7264C812-F93C-E411-AC74-002590D0AFD4.root
Merging root file: /scratch/laura/WW/SUB-MC-2C3AA376-F83C-E411-A3FB-BCAEC53F6D4E.root
Merging root file: /scratch/laura/WW/SUB-MC-6034FA75-F63C-E411-BF9E-002590D0B0CC.root
Merging root file: /scratch/laura/WW/SUB-MC-D88D8EC2-F83C-E411-848E-E0CB4E19F969.root
Merging root file: /scratch/laura/WW/SUB-MC-E833FC89-F93C-E411-9CAB-002590D0B056.root
Merging root file: /scratch/laura/WW/SUB-MC-06DCE7A0-F93C-E411-9DEA-002590D0B0CC.root
Merging root file: /scratch/laura/WW/SUB-MC-AA8A2779-F83C-E411-AF24-00259073E4EA.root
Merging root file: /scratch/laura/WW/SUB-MC-CCFB75A5-F93C-E411-BFDC-0025907B4E18.root
Merging root file: /scratch/laura/WW/SUB-MC-9486BC2A-F93C-E411-AA61-20CF305B058C.root
Merging root file: /scratch/laura/WW/SUB-MC-981C84AB-F83C-E411-8CB5-525400CE57D5.root
Merging root file: /scratch/laura/WW/SUB-MC-6C11DD75-F83C-E411-9A20-485B3989720C.root
Merging root file: /scratch/laura/WW/SUB-MC-34BC6B92-F83C-E411-B41A-00259074AE8A.root
Merging root file: /scratch/laura/WW/SUB-MC-285B065B-F83C-E411-8D53-0025907B4ECA.root
Writing the merged data.
Done merging 14 in /scratch/laura/WW into merge file WW.root
Found  622800.000000 Events Counted
Found key=muTauEventTree 
Found key=eventTree 
Found tree -> weighting
Found key=muTauEventTreeFinal 
Found key=eventTree 
Found tree -> weighting
Found key=eleTauEventTree 
Found key=eventTree 
Found tree -> weighting
Found key=eleTauEventTreeFinal 
Found key=eventTree 
Found tree -> weighting
Found key=MT 
Found key=results 
Found key=ET 
Found key=results 
