Error in <TFile::TFile>: file /nfs_scratch/laura/htt_weightsZTT.root does not exist
Error in <TFile::TFile>: file /nfs_scratch/laura/htt_weightsZTT.root does not exist

 *** Break *** segmentation violation

 *** Break *** segmentation violation
HighStat has 0 entries ,LowStat has 0 entries
INCLUSIVE-------------------------------------
Tau ID Scale Factor is 1.000 
Not Tree Found in file /nfs_scratch/laura/htt_weightsZTT.root
HighStat has 0 entries ,LowStat has 0 entries
INCLUSIVE-------------------------------------
Tau ID Scale Factor is 1.000 
Not Tree Found in file /nfs_scratch/laura/htt_weightsZTT.root



===========================================================
There was a crash.
This is the entire stack trace of all threads:
===========================================================



===========================================================
There was a crash.
This is the entire stack trace of all threads:
===========================================================
#0  0x0000003c982ac61e in waitpid () from /lib64/libc.so.6
#1  0x0000003c9823e609 in do_system () from /lib64/libc.so.6
#2  0x00007fcd120051bf in TUnixSystem::StackTrace() () from /cvmfs/cms.cern.ch/slc6_amd64_gcc481/cms/cmssw/CMSSW_7_1_5/external/slc6_amd64_gcc481/lib/libCore.so
#3  0x00007fcd12006d2c in TUnixSystem::DispatchSignals(ESignals) () from /cvmfs/cms.cern.ch/slc6_amd64_gcc481/cms/cmssw/CMSSW_7_1_5/external/slc6_amd64_gcc481/lib/libCore.so
#4  <signal handler called>
#5  DataCardCreatorZTT::makeHistogram (this=this
entry=0x7fff764f8140, tree=tree
entry=0x0, folder=..., name=..., cut=..., scaleFactor=scaleFactor
entry=1000) at /afs/hep.wisc.edu/cms/laura/UWAnalysis13/StatTools13/CMSSW_7_1_5/src/UWAnalysis/StatTools/interface/DataCardCreatorZTT.h:720
#6  0x000000000040f763 in DataCardCreatorZTT::createHistogramAndShiftsFinal (this=0x7fff764f8140, file=..., name=..., cut=..., scaleFactor=1000, postfix=..., normUC=true, keys=false, ShapeUncertainty=true) at /afs/hep.wisc.edu/cms/laura/UWAnalysis13/StatTools13/CMSSW_7_1_5/src/UWAnalysis/StatTools/interface/DataCardCreatorZTT.h:608
#7  0x000000000041760b in runZTT (relaxedSelection=..., categorySelection=..., output=..., topExtrap=1, zShape=..., prefix=..., preSelection=..., this=0x7fff764f8140) at /afs/hep.wisc.edu/cms/laura/UWAnalysis13/StatTools13/CMSSW_7_1_5/src/UWAnalysis/StatTools/interface/DataCardCreatorZTT.h:445
#8  DataCardCreatorZTT::runOSLSMT (this=this
entry=0x7fff764f8140, preSelection=..., prefix=..., zShape=..., topExtrap=topExtrap
entry=1) at /afs/hep.wisc.edu/cms/laura/UWAnalysis13/StatTools13/CMSSW_7_1_5/src/UWAnalysis/StatTools/interface/DataCardCreatorZTT.h:177
#9  0x00000000004058af in main (argc=<optimized out>, argv=<optimized out>) at /afs/hep.wisc.edu/cms/laura/UWAnalysis13/StatTools13/CMSSW_7_1_5/src/UWAnalysis/StatTools/bin/MakeDataCardZTT.cc:111
===========================================================


The lines below might hint at the cause of the crash.
If they do not help you then please submit a bug report at
http://root.cern.ch/bugs. Please post the ENTIRE stack trace
from above as an attachment in addition to anything else
that might help us fixing this issue.
===========================================================
#5  DataCardCreatorZTT::makeHistogram (this=this
entry=0x7fff764f8140, tree=tree
entry=0x0, folder=..., name=..., cut=..., scaleFactor=scaleFactor
entry=1000) at /afs/hep.wisc.edu/cms/laura/UWAnalysis13/StatTools13/CMSSW_7_1_5/src/UWAnalysis/StatTools/interface/DataCardCreatorZTT.h:720
#6  0x000000000040f763 in DataCardCreatorZTT::createHistogramAndShiftsFinal (this=0x7fff764f8140, file=..., name=..., cut=..., scaleFactor=1000, postfix=..., normUC=true, keys=false, ShapeUncertainty=true) at /afs/hep.wisc.edu/cms/laura/UWAnalysis13/StatTools13/CMSSW_7_1_5/src/UWAnalysis/StatTools/interface/DataCardCreatorZTT.h:608
#7  0x000000000041760b in runZTT (relaxedSelection=..., categorySelection=..., output=..., topExtrap=1, zShape=..., prefix=..., preSelection=..., this=0x7fff764f8140) at /afs/hep.wisc.edu/cms/laura/UWAnalysis13/StatTools13/CMSSW_7_1_5/src/UWAnalysis/StatTools/interface/DataCardCreatorZTT.h:445
#8  DataCardCreatorZTT::runOSLSMT (this=this
entry=0x7fff764f8140, preSelection=..., prefix=..., zShape=..., topExtrap=topExtrap
entry=1) at /afs/hep.wisc.edu/cms/laura/UWAnalysis13/StatTools13/CMSSW_7_1_5/src/UWAnalysis/StatTools/interface/DataCardCreatorZTT.h:177
#0  0x0000003c982ac61e in waitpid () from /lib64/libc.so.6
#1  0x0000003c9823e609 in do_system () from /lib64/libc.so.6
#2  0x00007f051eb931bf in TUnixSystem::StackTrace() () from /cvmfs/cms.cern.ch/slc6_amd64_gcc481/cms/cmssw/CMSSW_7_1_5/external/slc6_amd64_gcc481/lib/libCore.so
#3  0x00007f051eb94d2c in TUnixSystem::DispatchSignals(ESignals) () from /cvmfs/cms.cern.ch/slc6_amd64_gcc481/cms/cmssw/CMSSW_7_1_5/external/slc6_amd64_gcc481/lib/libCore.so
#4  <signal handler called>
#5  DataCardCreatorZTT::makeHistogram (this=this
entry=0x7fff4c8c2150, tree=tree
entry=0x0, folder=..., name=..., cut=..., scaleFactor=scaleFactor
entry=1000) at /afs/hep.wisc.edu/cms/laura/UWAnalysis13/StatTools13/CMSSW_7_1_5/src/UWAnalysis/StatTools/interface/DataCardCreatorZTT.h:720
#6  0x000000000040f763 in DataCardCreatorZTT::createHistogramAndShiftsFinal (this=0x7fff4c8c2150, file=..., name=..., cut=..., scaleFactor=1000, postfix=..., normUC=true, keys=false, ShapeUncertainty=true) at /afs/hep.wisc.edu/cms/laura/UWAnalysis13/StatTools13/CMSSW_7_1_5/src/UWAnalysis/StatTools/interface/DataCardCreatorZTT.h:608
#7  0x000000000041760b in runZTT (relaxedSelection=..., categorySelection=..., output=..., topExtrap=1, zShape=..., prefix=..., preSelection=..., this=0x7fff4c8c2150) at /afs/hep.wisc.edu/cms/laura/UWAnalysis13/StatTools13/CMSSW_7_1_5/src/UWAnalysis/StatTools/interface/DataCardCreatorZTT.h:445
#8  DataCardCreatorZTT::runOSLSMT (this=this
entry=0x7fff4c8c2150, preSelection=..., prefix=..., zShape=..., topExtrap=topExtrap
entry=1) at /afs/hep.wisc.edu/cms/laura/UWAnalysis13/StatTools13/CMSSW_7_1_5/src/UWAnalysis/StatTools/interface/DataCardCreatorZTT.h:177
#9  0x00000000004058af in main (argc=<optimized out>, argv=<optimized out>) at /afs/hep.wisc.edu/cms/laura/UWAnalysis13/StatTools13/CMSSW_7_1_5/src/UWAnalysis/StatTools/bin/MakeDataCardZTT.cc:111
#9  0x00000000004058af in main (argc=<optimized out>, argv=<optimized out>) at /afs/hep.wisc.edu/cms/laura/UWAnalysis13/StatTools13/CMSSW_7_1_5/src/UWAnalysis/StatTools/bin/MakeDataCardZTT.cc:111
===========================================================


===========================================================


The lines below might hint at the cause of the crash.
If they do not help you then please submit a bug report at
http://root.cern.ch/bugs. Please post the ENTIRE stack trace
from above as an attachment in addition to anything else
that might help us fixing this issue.
===========================================================
#5  DataCardCreatorZTT::makeHistogram (this=this
entry=0x7fff4c8c2150, tree=tree
entry=0x0, folder=..., name=..., cut=..., scaleFactor=scaleFactor
entry=1000) at /afs/hep.wisc.edu/cms/laura/UWAnalysis13/StatTools13/CMSSW_7_1_5/src/UWAnalysis/StatTools/interface/DataCardCreatorZTT.h:720
#6  0x000000000040f763 in DataCardCreatorZTT::createHistogramAndShiftsFinal (this=0x7fff4c8c2150, file=..., name=..., cut=..., scaleFactor=1000, postfix=..., normUC=true, keys=false, ShapeUncertainty=true) at /afs/hep.wisc.edu/cms/laura/UWAnalysis13/StatTools13/CMSSW_7_1_5/src/UWAnalysis/StatTools/interface/DataCardCreatorZTT.h:608
#7  0x000000000041760b in runZTT (relaxedSelection=..., categorySelection=..., output=..., topExtrap=1, zShape=..., prefix=..., preSelection=..., this=0x7fff4c8c2150) at /afs/hep.wisc.edu/cms/laura/UWAnalysis13/StatTools13/CMSSW_7_1_5/src/UWAnalysis/StatTools/interface/DataCardCreatorZTT.h:445
#8  DataCardCreatorZTT::runOSLSMT (this=this
entry=0x7fff4c8c2150, preSelection=..., prefix=..., zShape=..., topExtrap=topExtrap
entry=1) at /afs/hep.wisc.edu/cms/laura/UWAnalysis13/StatTools13/CMSSW_7_1_5/src/UWAnalysis/StatTools/interface/DataCardCreatorZTT.h:177
#9  0x00000000004058af in main (argc=<optimized out>, argv=<optimized out>) at /afs/hep.wisc.edu/cms/laura/UWAnalysis13/StatTools13/CMSSW_7_1_5/src/UWAnalysis/StatTools/bin/MakeDataCardZTT.cc:111
===========================================================


Error in <TTreeFormula::Compile>:  Invalid Syntax "&&"
Error in <TTreeFormula::Compile>:  Invalid Syntax "&&"
Info in <TCanvas::MakeDefCanvas>:  created default TCanvas with name c1
Info in <TCanvas::MakeDefCanvas>:  created default TCanvas with name c1
Error in <TFile::TFile>: file /nfs_scratch/laura/htt_weights/WJETS.root does not exist

 *** Break *** segmentation violation
HighStat has 0 entries ,LowStat has 0 entries
INCLUSIVE-------------------------------------
Tau ID Scale Factor is 1.000 
TTbar events in signal region = 1.567742 + 0.259338 
Diboson events before inflation = 0.130729 + 0.029991 
Diboson events in signal region = 0.130729 + 0.049372 
Z (l->tau) in signal region = 14.907230 + 6.674331 
Z (j->tau) in signal region = 4.259209 + 3.041683 
Not Tree Found in file /nfs_scratch/laura/htt_weights/WJETS.root
Error in <TFile::TFile>: file /nfs_scratch/laura/htt_weights/WJETS.root does not exist

 *** Break *** segmentation violation
HighStat has 0 entries ,LowStat has 0 entries
INCLUSIVE-------------------------------------
Tau ID Scale Factor is 1.000 
TTbar events in signal region = 29.582609 + 2.435329 
Diboson events before inflation = 1.272886 + 0.093584 
Diboson events in signal region = 1.272886 + 0.393166 
Z (l->tau) in signal region = 48.980900 + 15.572403 
Z (j->tau) in signal region = 51.110504 + 11.617573 
Not Tree Found in file /nfs_scratch/laura/htt_weights/WJETS.root



===========================================================
There was a crash.
This is the entire stack trace of all threads:
===========================================================
#0  0x0000003c982ac61e in waitpid () from /lib64/libc.so.6
#1  0x0000003c9823e609 in do_system () from /lib64/libc.so.6
#2  0x00007fbe946e91bf in TUnixSystem::StackTrace() () from /cvmfs/cms.cern.ch/slc6_amd64_gcc481/cms/cmssw/CMSSW_7_1_5/external/slc6_amd64_gcc481/lib/libCore.so
#3  0x00007fbe946ead2c in TUnixSystem::DispatchSignals(ESignals) () from /cvmfs/cms.cern.ch/slc6_amd64_gcc481/cms/cmssw/CMSSW_7_1_5/external/slc6_amd64_gcc481/lib/libCore.so
#4  <signal handler called>
#5  DataCardCreatorZTT::makeHistogram (this=this
entry=0x7fff2cdcf240, tree=tree
entry=0x0, folder=..., name=..., cut=..., scaleFactor=scaleFactor
entry=1000) at /afs/hep.wisc.edu/cms/laura/UWAnalysis13/StatTools13/CMSSW_7_1_5/src/UWAnalysis/StatTools/interface/DataCardCreatorZTT.h:720
#6  0x000000000040f763 in DataCardCreatorZTT::createHistogramAndShiftsFinal (this=0x7fff2cdcf240, file=..., name=..., cut=..., scaleFactor=1000, postfix=..., normUC=false, keys=false, ShapeUncertainty=true) at /afs/hep.wisc.edu/cms/laura/UWAnalysis13/StatTools13/CMSSW_7_1_5/src/UWAnalysis/StatTools/interface/DataCardCreatorZTT.h:608
#7  0x0000000000410718 in DataCardCreatorZTT::runW (this=this
entry=0x7fff2cdcf240, preSelection=..., prefix=..., zShape=..., topExtrap=topExtrap
entry=1, output=..., categorySelection=..., relaxedSelection=..., wSel=...) at /afs/hep.wisc.edu/cms/laura/UWAnalysis13/StatTools13/CMSSW_7_1_5/src/UWAnalysis/StatTools/interface/DataCardCreatorZTT.h:510
#8  0x0000000000418a98 in DataCardCreatorZTT::runOSLSMT (this=this
entry=0x7fff2cdcf240, preSelection=..., prefix=..., zShape=..., topExtrap=topExtrap
entry=1) at /afs/hep.wisc.edu/cms/laura/UWAnalysis13/StatTools13/CMSSW_7_1_5/src/UWAnalysis/StatTools/interface/DataCardCreatorZTT.h:214
#9  0x00000000004058af in main (argc=<optimized out>, argv=<optimized out>) at /afs/hep.wisc.edu/cms/laura/UWAnalysis13/StatTools13/CMSSW_7_1_5/src/UWAnalysis/StatTools/bin/MakeDataCardZTT.cc:111
===========================================================


The lines below might hint at the cause of the crash.
If they do not help you then please submit a bug report at
http://root.cern.ch/bugs. Please post the ENTIRE stack trace
from above as an attachment in addition to anything else
that might help us fixing this issue.
===========================================================
#5  DataCardCreatorZTT::makeHistogram (this=this
entry=0x7fff2cdcf240, tree=tree
entry=0x0, folder=..., name=..., cut=..., scaleFactor=scaleFactor
entry=1000) at /afs/hep.wisc.edu/cms/laura/UWAnalysis13/StatTools13/CMSSW_7_1_5/src/UWAnalysis/StatTools/interface/DataCardCreatorZTT.h:720
#6  0x000000000040f763 in DataCardCreatorZTT::createHistogramAndShiftsFinal (this=0x7fff2cdcf240, file=..., name=..., cut=..., scaleFactor=1000, postfix=..., normUC=false, keys=false, ShapeUncertainty=true) at /afs/hep.wisc.edu/cms/laura/UWAnalysis13/StatTools13/CMSSW_7_1_5/src/UWAnalysis/StatTools/interface/DataCardCreatorZTT.h:608
#7  0x0000000000410718 in DataCardCreatorZTT::runW (this=this
entry=0x7fff2cdcf240, preSelection=..., prefix=..., zShape=..., topExtrap=topExtrap
entry=1, output=..., categorySelection=..., relaxedSelection=..., wSel=...) at /afs/hep.wisc.edu/cms/laura/UWAnalysis13/StatTools13/CMSSW_7_1_5/src/UWAnalysis/StatTools/interface/DataCardCreatorZTT.h:510
#8  0x0000000000418a98 in DataCardCreatorZTT::runOSLSMT (this=this
entry=0x7fff2cdcf240, preSelection=..., prefix=..., zShape=..., topExtrap=topExtrap
entry=1) at /afs/hep.wisc.edu/cms/laura/UWAnalysis13/StatTools13/CMSSW_7_1_5/src/UWAnalysis/StatTools/interface/DataCardCreatorZTT.h:214
#9  0x00000000004058af in main (argc=<optimized out>, argv=<optimized out>) at /afs/hep.wisc.edu/cms/laura/UWAnalysis13/StatTools13/CMSSW_7_1_5/src/UWAnalysis/StatTools/bin/MakeDataCardZTT.cc:111
===========================================================





===========================================================
There was a crash.
This is the entire stack trace of all threads:
===========================================================
#0  0x0000003c982ac61e in waitpid () from /lib64/libc.so.6
#1  0x0000003c9823e609 in do_system () from /lib64/libc.so.6
#2  0x00007f28879e11bf in TUnixSystem::StackTrace() () from /cvmfs/cms.cern.ch/slc6_amd64_gcc481/cms/cmssw/CMSSW_7_1_5/external/slc6_amd64_gcc481/lib/libCore.so
#3  0x00007f28879e2d2c in TUnixSystem::DispatchSignals(ESignals) () from /cvmfs/cms.cern.ch/slc6_amd64_gcc481/cms/cmssw/CMSSW_7_1_5/external/slc6_amd64_gcc481/lib/libCore.so
#4  <signal handler called>
#5  DataCardCreatorZTT::makeHistogram (this=this
entry=0x7fffbf46f3b0, tree=tree
entry=0x0, folder=..., name=..., cut=..., scaleFactor=scaleFactor
entry=1000) at /afs/hep.wisc.edu/cms/laura/UWAnalysis13/StatTools13/CMSSW_7_1_5/src/UWAnalysis/StatTools/interface/DataCardCreatorZTT.h:720
#6  0x000000000040f763 in DataCardCreatorZTT::createHistogramAndShiftsFinal (this=0x7fffbf46f3b0, file=..., name=..., cut=..., scaleFactor=1000, postfix=..., normUC=false, keys=false, ShapeUncertainty=true) at /afs/hep.wisc.edu/cms/laura/UWAnalysis13/StatTools13/CMSSW_7_1_5/src/UWAnalysis/StatTools/interface/DataCardCreatorZTT.h:608
#7  0x0000000000410718 in DataCardCreatorZTT::runW (this=this
entry=0x7fffbf46f3b0, preSelection=..., prefix=..., zShape=..., topExtrap=topExtrap
entry=1, output=..., categorySelection=..., relaxedSelection=..., wSel=...) at /afs/hep.wisc.edu/cms/laura/UWAnalysis13/StatTools13/CMSSW_7_1_5/src/UWAnalysis/StatTools/interface/DataCardCreatorZTT.h:510
#8  0x0000000000418a98 in DataCardCreatorZTT::runOSLSMT (this=this
entry=0x7fffbf46f3b0, preSelection=..., prefix=..., zShape=..., topExtrap=topExtrap
entry=1) at /afs/hep.wisc.edu/cms/laura/UWAnalysis13/StatTools13/CMSSW_7_1_5/src/UWAnalysis/StatTools/interface/DataCardCreatorZTT.h:214
#9  0x00000000004058af in main (argc=<optimized out>, argv=<optimized out>) at /afs/hep.wisc.edu/cms/laura/UWAnalysis13/StatTools13/CMSSW_7_1_5/src/UWAnalysis/StatTools/bin/MakeDataCardZTT.cc:111
===========================================================


The lines below might hint at the cause of the crash.
If they do not help you then please submit a bug report at
http://root.cern.ch/bugs. Please post the ENTIRE stack trace
from above as an attachment in addition to anything else
that might help us fixing this issue.
===========================================================
#5  DataCardCreatorZTT::makeHistogram (this=this
entry=0x7fffbf46f3b0, tree=tree
entry=0x0, folder=..., name=..., cut=..., scaleFactor=scaleFactor
entry=1000) at /afs/hep.wisc.edu/cms/laura/UWAnalysis13/StatTools13/CMSSW_7_1_5/src/UWAnalysis/StatTools/interface/DataCardCreatorZTT.h:720
#6  0x000000000040f763 in DataCardCreatorZTT::createHistogramAndShiftsFinal (this=0x7fffbf46f3b0, file=..., name=..., cut=..., scaleFactor=1000, postfix=..., normUC=false, keys=false, ShapeUncertainty=true) at /afs/hep.wisc.edu/cms/laura/UWAnalysis13/StatTools13/CMSSW_7_1_5/src/UWAnalysis/StatTools/interface/DataCardCreatorZTT.h:608
#7  0x0000000000410718 in DataCardCreatorZTT::runW (this=this
entry=0x7fffbf46f3b0, preSelection=..., prefix=..., zShape=..., topExtrap=topExtrap
entry=1, output=..., categorySelection=..., relaxedSelection=..., wSel=...) at /afs/hep.wisc.edu/cms/laura/UWAnalysis13/StatTools13/CMSSW_7_1_5/src/UWAnalysis/StatTools/interface/DataCardCreatorZTT.h:510
#8  0x0000000000418a98 in DataCardCreatorZTT::runOSLSMT (this=this
entry=0x7fffbf46f3b0, preSelection=..., prefix=..., zShape=..., topExtrap=topExtrap
entry=1) at /afs/hep.wisc.edu/cms/laura/UWAnalysis13/StatTools13/CMSSW_7_1_5/src/UWAnalysis/StatTools/interface/DataCardCreatorZTT.h:214
#9  0x00000000004058af in main (argc=<optimized out>, argv=<optimized out>) at /afs/hep.wisc.edu/cms/laura/UWAnalysis13/StatTools13/CMSSW_7_1_5/src/UWAnalysis/StatTools/bin/MakeDataCardZTT.cc:111
===========================================================


Error in <TTreeFormula::Compile>:  Invalid Syntax "&&"
Error in <TTreeFormula::Compile>:  Invalid Syntax "&&"
Info in <TCanvas::MakeDefCanvas>:  created default TCanvas with name c1
Info in <TCanvas::MakeDefCanvas>:  created default TCanvas with name c1
Error in <TTreeFormula::Compile>:  Bad numerical expression : "WWeight"
Error in <TTreeFormula::Compile>:  Bad numerical expression : "WWeight"
Error in <TTreeFormula::Compile>:  Bad numerical expression : "WWeight"
Error in <TTreeFormula::Compile>:  Bad numerical expression : "WWeight"
HighStat has 0 entries ,LowStat has 0 entries
INCLUSIVE-------------------------------------
Tau ID Scale Factor is 1.000 
TTbar events in signal region = 1.567742 + 0.259338 
Diboson events before inflation = 0.130729 + 0.029991 
Diboson events in signal region = 0.130729 + 0.049372 
Z (l->tau) in signal region = 14.907230 + 6.674331 
Z (j->tau) in signal region = 4.259209 + 3.041683 

BKGD Yields 
QCD: 0
W: 0
TOP: 1.56774
VV: 0.130729
ZLFT: 14.9072
ZJFT: 4.25921
ZTT: 0
HighStat has 0 entries ,LowStat has 0 entries
INCLUSIVE-------------------------------------
Tau ID Scale Factor is 1.000 
TTbar events in signal region = 29.582609 + 2.435329 
Diboson events before inflation = 1.272886 + 0.093584 
Diboson events in signal region = 1.272886 + 0.393166 
Z (l->tau) in signal region = 48.980900 + 15.572403 
Z (j->tau) in signal region = 51.110504 + 11.617573 

BKGD Yields 
QCD: 0
W: 0
TOP: 29.5826
VV: 1.27289
ZLFT: 48.9809
ZJFT: 51.1105
ZTT: 0
Error in <TTreeFormula::Compile>:  Invalid Syntax "&&"
Error in <TTreeFormula::Compile>:  Invalid Syntax "&&"
Error in <TTreeFormula::Compile>:  Invalid Syntax "&&"
Error in <TTreeFormula::Compile>:  Invalid Syntax "&&"
BACKGROUND=130.946899 +-19.584513 
Total Background & 130.95 $\pm$ 19.82 & - & - & - \\ 
BACKGROUND=20.864910 +-7.339498 
Total Background & 20.86 $\pm$ 7.36 & - & - & - \\ 
